Building DAG of jobs...
Using shell: /bin/bash
Provided cores: 1 (use --cores to define parallelism)
Rules claiming more threads will be scaled down.
Job counts:
	count	jobs
	1	make_output_01
	1	target
	2

[Fri Mar 18 07:31:42 2022]
rule make_output_01:
    output: proc/output.csv
    jobid: 1

[Fri Mar 18 07:31:44 2022]
Finished job 1.
1 of 2 steps (50%) done

[Fri Mar 18 07:31:44 2022]
localrule target:
    input: proc/output.csv
    jobid: 0

[Fri Mar 18 07:31:44 2022]
Finished job 0.
2 of 2 steps (100%) done
Complete log: /Users/dwietsma/Documents/sustainability-data/data-projects/container-test/.snakemake/log/2022-03-18T073142.925949.snakemake.log
